{"level":"info","message":"Starting BPP_SURVEY  server","timestamp":"2019-05-14T10:49:01.876Z"}
{"level":"info","message":"Started BPP_SURVEY server on port 3000.","timestamp":"2019-05-14T10:49:02.329Z"}
{"level":"info","message":"Starting BPP_SURVEY  server","timestamp":"2019-05-14T10:50:11.097Z"}
{"level":"info","message":"Started BPP_SURVEY server on port 3000.","timestamp":"2019-05-14T10:50:11.291Z"}
{"level":"info","message":"Starting BPP_SURVEY  server","timestamp":"2019-05-14T10:58:59.651Z"}
{"level":"info","message":"Started BPP_SURVEY server on port 3000.","timestamp":"2019-05-14T10:58:59.889Z"}
{"level":"info","message":"Starting BPP_SURVEY  server","timestamp":"2019-05-14T10:59:25.231Z"}
{"level":"info","message":"Started BPP_SURVEY server on port 3000.","timestamp":"2019-05-14T10:59:25.438Z"}
{"level":"info","message":"Starting BPP_SURVEY  server","timestamp":"2019-05-14T11:00:14.420Z"}
{"level":"info","message":"Started BPP_SURVEY server on port 3000.","timestamp":"2019-05-14T11:00:14.922Z"}
{"level":"info","message":"Starting BPP_SURVEY  server","timestamp":"2019-05-14T11:01:35.555Z"}
{"level":"info","message":"Started BPP_SURVEY server on port 3000.","timestamp":"2019-05-14T11:01:35.748Z"}
{"level":"info","message":"Starting BPP_SURVEY  server","timestamp":"2019-05-14T11:02:01.727Z"}
{"level":"info","message":"Started BPP_SURVEY server on port 3000.","timestamp":"2019-05-14T11:02:01.961Z"}
{"level":"info","message":"Starting BPP_SURVEY  server","timestamp":"2019-05-14T11:08:22.016Z"}
{"level":"info","message":"Started BPP_SURVEY server on port 3000.","timestamp":"2019-05-14T11:08:22.289Z"}
{"level":"info","message":"Starting BPP_SURVEY  server","timestamp":"2019-05-14T11:12:16.834Z"}
{"level":"info","message":"Started BPP_SURVEY server on port 3000.","timestamp":"2019-05-14T11:12:17.045Z"}
{"level":"info","message":"Starting BPP_SURVEY  server","timestamp":"2019-05-14T11:12:58.700Z"}
{"level":"info","message":"Started BPP_SURVEY server on port 3000.","timestamp":"2019-05-14T11:12:58.924Z"}
{"level":"info","message":"Starting BPP_SURVEY  server","timestamp":"2019-05-14T11:13:22.336Z"}
{"level":"info","message":"Started BPP_SURVEY server on port 3000.","timestamp":"2019-05-14T11:13:22.592Z"}
{"level":"info","message":"Starting BPP_SURVEY  server","timestamp":"2019-05-14T11:14:05.367Z"}
{"level":"info","message":"Started BPP_SURVEY server on port 3000.","timestamp":"2019-05-14T11:14:05.557Z"}
{"level":"info","message":"Starting BPP_SURVEY  server","timestamp":"2019-05-14T11:25:25.537Z"}
{"level":"info","message":"Started BPP_SURVEY server on port 3000.","timestamp":"2019-05-14T11:25:25.860Z"}
{"level":"info","message":"Starting BPP_SURVEY  server","timestamp":"2019-05-14T11:25:40.611Z"}
{"level":"info","message":"Started BPP_SURVEY server on port 3000.","timestamp":"2019-05-14T11:25:40.839Z"}
{"level":"info","message":"Starting BPP_SURVEY  server","timestamp":"2019-05-14T11:32:46.568Z"}
{"level":"info","message":"Started BPP_SURVEY server on port 3000.","timestamp":"2019-05-14T11:32:46.761Z"}
{"level":"info","message":"Starting BPP_SURVEY  server","timestamp":"2019-05-14T11:35:11.385Z"}
{"level":"info","message":"Started BPP_SURVEY server on port 3000.","timestamp":"2019-05-14T11:35:11.636Z"}
{"level":"info","message":"Starting BPP_SURVEY  server","timestamp":"2019-05-14T11:36:43.782Z"}
{"level":"info","message":"Started BPP_SURVEY server on port 3000.","timestamp":"2019-05-14T11:36:43.975Z"}
{"level":"info","message":"Starting BPP_SURVEY  server","timestamp":"2019-05-14T11:38:08.209Z"}
{"level":"info","message":"Started BPP_SURVEY server on port 3000.","timestamp":"2019-05-14T11:38:08.436Z"}
{"level":"info","message":"Starting BPP_SURVEY  server","timestamp":"2019-05-14T11:51:58.323Z"}
{"level":"info","message":"Started BPP_SURVEY server on port 3000.","timestamp":"2019-05-14T11:51:58.540Z"}
{"level":"info","message":"Starting BPP_SURVEY  server","timestamp":"2019-05-14T11:53:38.715Z"}
{"level":"info","message":"Started BPP_SURVEY server on port 3000.","timestamp":"2019-05-14T11:53:38.988Z"}
{"level":"info","message":"Starting BPP_SURVEY  server","timestamp":"2019-05-14T11:54:14.880Z"}
{"level":"info","message":"Started BPP_SURVEY server on port 3000.","timestamp":"2019-05-14T11:54:15.068Z"}
{"level":"info","message":"Starting BPP_SURVEY  server","timestamp":"2019-05-14T11:55:12.706Z"}
{"level":"info","message":"Started BPP_SURVEY server on port 3000.","timestamp":"2019-05-14T11:55:12.919Z"}
{"level":"info","message":"Starting BPP_SURVEY  server","timestamp":"2019-05-14T11:56:07.641Z"}
{"level":"info","message":"Started BPP_SURVEY server on port 3000.","timestamp":"2019-05-14T11:56:07.864Z"}
{"level":"info","message":"Starting BPP_SURVEY  server","timestamp":"2019-05-14T11:57:57.154Z"}
{"level":"info","message":"Started BPP_SURVEY server on port 3000.","timestamp":"2019-05-14T11:57:57.433Z"}
{"level":"info","message":"Starting BPP_SURVEY  server","timestamp":"2019-05-14T11:58:38.079Z"}
{"level":"info","message":"Started BPP_SURVEY server on port 3000.","timestamp":"2019-05-14T11:58:38.303Z"}
{"level":"info","message":"Starting BPP_SURVEY  server","timestamp":"2019-05-14T11:59:23.914Z"}
{"level":"info","message":"Started BPP_SURVEY server on port 3000.","timestamp":"2019-05-14T11:59:24.103Z"}
{"level":"info","message":"Starting BPP_SURVEY  server","timestamp":"2019-05-14T11:59:49.315Z"}
{"level":"info","message":"Started BPP_SURVEY server on port 3000.","timestamp":"2019-05-14T11:59:49.505Z"}
{"level":"info","message":"Starting BPP_SURVEY  server","timestamp":"2019-05-14T12:02:30.620Z"}
{"level":"info","message":"Started BPP_SURVEY server on port 3000.","timestamp":"2019-05-14T12:02:30.813Z"}
{"level":"info","message":"Starting BPP_SURVEY  server","timestamp":"2019-05-14T12:03:22.765Z"}
{"level":"info","message":"Started BPP_SURVEY server on port 3000.","timestamp":"2019-05-14T12:03:23.046Z"}
{"level":"info","message":"Starting BPP_SURVEY  server","timestamp":"2019-05-14T12:03:57.571Z"}
{"level":"info","message":"Started BPP_SURVEY server on port 3000.","timestamp":"2019-05-14T12:03:57.776Z"}
{"level":"info","message":"Starting BPP_SURVEY  server","timestamp":"2019-05-14T12:06:31.959Z"}
{"level":"info","message":"Started BPP_SURVEY server on port 3000.","timestamp":"2019-05-14T12:06:32.123Z"}
{"level":"info","message":"Starting BPP_SURVEY  server","timestamp":"2019-05-14T12:09:27.347Z"}
{"level":"info","message":"Started BPP_SURVEY server on port 3000.","timestamp":"2019-05-14T12:09:27.540Z"}
{"level":"info","message":" login successful for hello@robin.com","timestamp":"2019-05-14T12:09:33.484Z"}
{"level":"info","message":"Starting BPP_SURVEY  server","timestamp":"2019-05-14T12:20:30.505Z"}
{"level":"info","message":"Started BPP_SURVEY server on port 3000.","timestamp":"2019-05-14T12:20:30.790Z"}
{"level":"info","message":"Starting BPP_SURVEY  server","timestamp":"2019-05-14T12:24:01.486Z"}
{"level":"info","message":"Started BPP_SURVEY server on port 3000.","timestamp":"2019-05-14T12:24:01.710Z"}
{"level":"info","message":"Starting BPP_SURVEY  server","timestamp":"2019-05-14T12:24:40.146Z"}
{"level":"info","message":"Started BPP_SURVEY server on port 3000.","timestamp":"2019-05-14T12:24:40.344Z"}
{"level":"info","message":"Starting BPP_SURVEY  server","timestamp":"2019-05-14T12:25:10.610Z"}
{"level":"info","message":"Started BPP_SURVEY server on port 3000.","timestamp":"2019-05-14T12:25:10.815Z"}
{"level":"info","message":"Starting BPP_SURVEY  server","timestamp":"2019-05-14T12:25:17.985Z"}
{"level":"info","message":"Started BPP_SURVEY server on port 3000.","timestamp":"2019-05-14T12:25:18.278Z"}
{"level":"info","message":"Starting BPP_SURVEY  server","timestamp":"2019-05-14T12:27:28.289Z"}
{"level":"info","message":"Started BPP_SURVEY server on port 3000.","timestamp":"2019-05-14T12:27:28.457Z"}
{"level":"info","message":"Starting BPP_SURVEY  server","timestamp":"2019-05-14T12:28:28.469Z"}
{"level":"info","message":"Started BPP_SURVEY server on port 3000.","timestamp":"2019-05-14T12:28:28.658Z"}
{"level":"info","message":"Starting BPP_SURVEY  server","timestamp":"2019-05-14T12:28:54.744Z"}
{"level":"info","message":"Started BPP_SURVEY server on port 3000.","timestamp":"2019-05-14T12:28:54.943Z"}
{"level":"info","message":"Starting BPP_SURVEY  server","timestamp":"2019-05-14T12:29:50.132Z"}
{"level":"info","message":"Started BPP_SURVEY server on port 3000.","timestamp":"2019-05-14T12:29:50.329Z"}
{"level":"info","message":"Starting BPP_SURVEY  server","timestamp":"2019-05-14T12:30:00.272Z"}
{"level":"info","message":"Started BPP_SURVEY server on port 3000.","timestamp":"2019-05-14T12:30:00.457Z"}
{"level":"info","message":"Starting BPP_SURVEY  server","timestamp":"2019-05-14T13:14:01.412Z"}
{"level":"error","message":"TypeError: Cannot read property 'deleteMany' of undefined while connecting to the DB ","timestamp":"2019-05-14T13:14:01.559Z"}
{"level":"info","message":"Starting BPP_SURVEY  server","timestamp":"2019-05-14T13:15:43.376Z"}
{"level":"error","message":"TypeError: Cannot read property 'deleteMany' of undefined while connecting to the DB ","timestamp":"2019-05-14T13:15:43.542Z"}
{"level":"info","message":"Starting BPP_SURVEY  server","timestamp":"2019-05-14T13:16:26.854Z"}
{"level":"error","message":"TypeError: Cannot read property 'deleteMany' of undefined while connecting to the DB ","timestamp":"2019-05-14T13:16:27.008Z"}
{"level":"info","message":"Starting BPP_SURVEY  server","timestamp":"2019-05-14T13:16:51.269Z"}
{"level":"error","message":"TypeError: Cannot read property 'deleteMany' of undefined while connecting to the DB ","timestamp":"2019-05-14T13:16:51.429Z"}
{"level":"info","message":"Starting BPP_SURVEY  server","timestamp":"2019-05-14T13:16:59.113Z"}
{"level":"error","message":"TypeError: Cannot read property 'deleteMany' of undefined while connecting to the DB ","timestamp":"2019-05-14T13:16:59.304Z"}
{"level":"info","message":"Starting BPP_SURVEY  server","timestamp":"2019-05-14T13:16:59.258Z"}
{"level":"error","message":"TypeError: Cannot read property 'deleteMany' of undefined while connecting to the DB ","timestamp":"2019-05-14T13:16:59.438Z"}
{"level":"info","message":"Starting BPP_SURVEY  server","timestamp":"2019-05-14T13:17:27.141Z"}
{"level":"error","message":"TypeError: Cannot read property 'deleteMany' of undefined while connecting to the DB ","timestamp":"2019-05-14T13:17:27.321Z"}
{"level":"info","message":"Starting BPP_SURVEY  server","timestamp":"2019-05-14T13:18:41.674Z"}
{"level":"info","message":"Started BPP_SURVEY server on port 3000.","timestamp":"2019-05-14T13:18:41.880Z"}
{"level":"info","message":"Starting BPP_SURVEY  server","timestamp":"2019-05-14T13:20:44.237Z"}
{"level":"info","message":"Started BPP_SURVEY server on port 3000.","timestamp":"2019-05-14T13:20:44.530Z"}
{"level":"info","message":"Starting BPP_SURVEY  server","timestamp":"2019-05-14T13:22:24.587Z"}
{"level":"info","message":"Started BPP_SURVEY server on port 3000.","timestamp":"2019-05-14T13:22:24.812Z"}
{"level":"info","message":"Starting BPP_SURVEY  server","timestamp":"2019-05-14T13:23:40.300Z"}
{"level":"info","message":"Started BPP_SURVEY server on port 3000.","timestamp":"2019-05-14T13:23:40.507Z"}
{"level":"info","message":"Starting BPP_SURVEY  server","timestamp":"2019-05-14T13:24:23.922Z"}
{"level":"info","message":"Started BPP_SURVEY server on port 3000.","timestamp":"2019-05-14T13:24:24.177Z"}
{"level":"info","message":"Starting BPP_SURVEY  server","timestamp":"2019-05-14T13:26:01.533Z"}
{"level":"info","message":"Started BPP_SURVEY server on port 3000.","timestamp":"2019-05-14T13:26:01.721Z"}
{"level":"info","message":"Starting BPP_SURVEY  server","timestamp":"2019-05-14T13:28:46.040Z"}
{"level":"info","message":"Started BPP_SURVEY server on port 3000.","timestamp":"2019-05-14T13:28:46.231Z"}
{"level":"info","message":"Starting BPP_SURVEY  server","timestamp":"2019-05-14T13:29:10.738Z"}
{"level":"info","message":"Started BPP_SURVEY server on port 3000.","timestamp":"2019-05-14T13:29:11.782Z"}
{"level":"info","message":"Starting BPP_SURVEY  server","timestamp":"2019-05-14T13:29:32.971Z"}
{"level":"info","message":"Started BPP_SURVEY server on port 3000.","timestamp":"2019-05-14T13:29:33.189Z"}
{"level":"info","message":"Starting BPP_SURVEY  server","timestamp":"2019-05-14T13:30:06.879Z"}
{"level":"info","message":"Started BPP_SURVEY server on port 3000.","timestamp":"2019-05-14T13:30:07.087Z"}
{"level":"info","message":"Starting BPP_SURVEY  server","timestamp":"2019-05-14T13:40:36.859Z"}
{"level":"info","message":"Started BPP_SURVEY server on port 3000.","timestamp":"2019-05-14T13:40:38.714Z"}
{"level":"info","message":"Starting BPP_SURVEY  server","timestamp":"2019-05-14T13:42:23.149Z"}
{"level":"info","message":"Started BPP_SURVEY server on port 3000.","timestamp":"2019-05-14T13:42:25.988Z"}
{"level":"info","message":"Starting BPP_SURVEY  server","timestamp":"2019-05-14T13:44:51.457Z"}
{"level":"info","message":"Started BPP_SURVEY server on port 3000.","timestamp":"2019-05-14T13:44:51.652Z"}
{"level":"info","message":"Starting BPP_SURVEY  server","timestamp":"2019-05-14T13:49:42.733Z"}
{"level":"info","message":"Started BPP_SURVEY server on port 3000.","timestamp":"2019-05-14T13:49:42.900Z"}
{"level":"info","message":"Starting BPP_SURVEY  server","timestamp":"2019-05-14T13:55:57.123Z"}
{"level":"info","message":"Started BPP_SURVEY server on port 3000.","timestamp":"2019-05-14T13:55:58.178Z"}
{"level":"info","message":"invalid login credentials by 08103727918","timestamp":"2019-05-14T13:57:55.464Z"}
{"level":"info","message":" login successful for eddie@gmail.com","timestamp":"2019-05-14T13:58:16.493Z"}
{"level":"info","message":"Starting BPP_SURVEY  server","timestamp":"2019-05-14T14:14:18.606Z"}
{"level":"info","message":"Started BPP_SURVEY server on port 3000.","timestamp":"2019-05-14T14:14:18.836Z"}
{"level":"info","message":"Starting BPP_SURVEY  server","timestamp":"2019-05-14T14:14:58.033Z"}
{"level":"info","message":"Started BPP_SURVEY server on port 3000.","timestamp":"2019-05-14T14:14:58.896Z"}
{"level":"info","message":"Starting BPP_SURVEY  server","timestamp":"2019-05-14T14:17:40.350Z"}
{"level":"info","message":"Started BPP_SURVEY server on port 3000.","timestamp":"2019-05-14T14:17:41.624Z"}
{"level":"info","message":"Starting BPP_SURVEY  server","timestamp":"2019-05-14T14:19:45.085Z"}
{"level":"info","message":"Started BPP_SURVEY server on port 3000.","timestamp":"2019-05-14T14:19:47.093Z"}
{"level":"info","message":"Starting BPP_SURVEY  server","timestamp":"2019-05-14T14:26:45.379Z"}
{"level":"info","message":"Started BPP_SURVEY server on port 3000.","timestamp":"2019-05-14T14:26:48.355Z"}
{"level":"info","message":"Starting BPP_SURVEY  server","timestamp":"2019-05-14T14:29:24.934Z"}
{"level":"info","message":"Started BPP_SURVEY server on port 3000.","timestamp":"2019-05-14T14:29:26.787Z"}
{"level":"info","message":"Starting BPP_SURVEY  server","timestamp":"2019-05-14T14:29:44.124Z"}
{"level":"info","message":"Started BPP_SURVEY server on port 3000.","timestamp":"2019-05-14T14:29:44.933Z"}
{"level":"info","message":" login successful for eddie@gmail.com","timestamp":"2019-05-14T14:30:02.007Z"}
{"level":"info","message":"Starting BPP_SURVEY  server","timestamp":"2019-05-14T14:31:17.874Z"}
{"level":"info","message":"Started BPP_SURVEY server on port 3000.","timestamp":"2019-05-14T14:31:19.723Z"}
{"level":"info","message":"Starting BPP_SURVEY  server","timestamp":"2019-05-14T14:35:02.093Z"}
{"level":"info","message":"Started BPP_SURVEY server on port 3000.","timestamp":"2019-05-14T14:35:02.907Z"}
{"level":"info","message":"Starting BPP_SURVEY  server","timestamp":"2019-05-14T14:35:26.574Z"}
{"level":"info","message":"Started BPP_SURVEY server on port 3000.","timestamp":"2019-05-14T14:35:27.570Z"}
{"level":"info","message":" login successful for eddie@gmail.com","timestamp":"2019-05-14T14:35:32.893Z"}
{"level":"info","message":"Starting BPP_SURVEY  server","timestamp":"2019-05-14T14:37:19.521Z"}
{"level":"info","message":"Started BPP_SURVEY server on port 3000.","timestamp":"2019-05-14T14:37:20.795Z"}
{"level":"info","message":"Starting BPP_SURVEY  server","timestamp":"2019-05-14T14:39:02.919Z"}
{"level":"info","message":"Started BPP_SURVEY server on port 3000.","timestamp":"2019-05-14T14:39:03.943Z"}
{"level":"info","message":" login successful for eddie@gmail.com","timestamp":"2019-05-14T14:39:45.148Z"}
{"level":"info","message":"Starting BPP_SURVEY  server","timestamp":"2019-05-14T14:43:16.878Z"}
{"level":"info","message":"Started BPP_SURVEY server on port 3000.","timestamp":"2019-05-14T14:43:17.644Z"}
{"level":"info","message":" login successful for eddie@gmail.com","timestamp":"2019-05-14T14:46:50.584Z"}
{"level":"info","message":"Starting BPP_SURVEY  server","timestamp":"2019-05-14T14:54:12.651Z"}
{"level":"info","message":"Started BPP_SURVEY server on port 3000.","timestamp":"2019-05-14T14:54:13.510Z"}
{"level":"info","message":"Starting BPP_SURVEY  server","timestamp":"2019-05-14T14:54:38.504Z"}
{"level":"info","message":"Started BPP_SURVEY server on port 3000.","timestamp":"2019-05-14T14:54:39.328Z"}
{"level":"info","message":"Starting BPP_SURVEY  server","timestamp":"2019-05-14T14:55:58.371Z"}
{"level":"info","message":"Started BPP_SURVEY server on port 3000.","timestamp":"2019-05-14T14:56:03.504Z"}
{"level":"info","message":" login successful for eddie@gmail.com","timestamp":"2019-05-14T14:56:10.895Z"}
{"level":"info","message":"Starting BPP_SURVEY  server","timestamp":"2019-05-14T15:02:58.289Z"}
{"level":"info","message":"Started BPP_SURVEY server on port 3000.","timestamp":"2019-05-14T15:03:00.795Z"}
{"level":"info","message":"Starting BPP_SURVEY  server","timestamp":"2019-05-14T15:05:42.549Z"}
{"level":"info","message":"Started BPP_SURVEY server on port 3000.","timestamp":"2019-05-14T15:05:44.346Z"}
{"level":"info","message":"Starting BPP_SURVEY  server","timestamp":"2019-05-14T15:07:41.678Z"}
{"level":"info","message":"Started BPP_SURVEY server on port 3000.","timestamp":"2019-05-14T15:07:43.547Z"}
{"level":"info","message":"Starting BPP_SURVEY  server","timestamp":"2019-05-14T15:09:37.512Z"}
{"level":"info","message":"Started BPP_SURVEY server on port 3000.","timestamp":"2019-05-14T15:09:38.444Z"}
{"level":"info","message":" login successful for eddie@gmail.com","timestamp":"2019-05-14T15:11:00.420Z"}
{"level":"info","message":" login successful for eddie@gmail.com","timestamp":"2019-05-14T15:12:18.699Z"}
{"level":"info","message":"Starting BPP_SURVEY  server","timestamp":"2019-05-14T15:14:57.975Z"}
{"level":"info","message":"Started BPP_SURVEY server on port 3000.","timestamp":"2019-05-14T15:14:59.862Z"}
{"level":"info","message":" login successful for eddie@gmail.com","timestamp":"2019-05-14T15:15:11.240Z"}
{"level":"info","message":"Starting BPP_SURVEY  server","timestamp":"2019-05-14T15:19:38.660Z"}
{"level":"info","message":"Started BPP_SURVEY server on port 3000.","timestamp":"2019-05-14T15:19:40.470Z"}
{"level":"info","message":"Starting BPP_SURVEY  server","timestamp":"2019-05-14T15:24:07.187Z"}
{"level":"info","message":"Started BPP_SURVEY server on port 3000.","timestamp":"2019-05-14T15:24:09.047Z"}
{"level":"info","message":"Starting BPP_SURVEY  server","timestamp":"2019-05-14T15:24:56.852Z"}
{"level":"info","message":"Started BPP_SURVEY server on port 3000.","timestamp":"2019-05-14T15:24:57.882Z"}
{"level":"info","message":"Starting BPP_SURVEY  server","timestamp":"2019-05-14T15:30:41.774Z"}
{"level":"info","message":"Started BPP_SURVEY server on port 3000.","timestamp":"2019-05-14T15:30:42.729Z"}
{"level":"info","message":"Starting BPP_SURVEY  server","timestamp":"2019-05-14T15:32:06.648Z"}
{"level":"info","message":"Started BPP_SURVEY server on port 3000.","timestamp":"2019-05-14T15:32:08.673Z"}
